[handleMsg]:  {
  key: {
    remoteJid: '14155238886@s.whatsapp.net',
    fromMe: false,
    id: '1B3C767CBEBE72318C',
    participant: undefined
  },
  messageTimestamp: 1693665299,
  pushName: '14155238886',
  broadcast: false,
  message: Message {
    conversation: 'tcontur',
    messageContextInfo: MessageContextInfo {
      deviceListMetadata: [DeviceListMetadata],
      deviceListMetadataVersion: 2
    }
  },
  verifiedBizName: 'Twilio',
  body: 'tcontur',
  from: '14155238886'
}
[QUEUE_SE_ENVIO]:  {
  ref: 'ans_5308e36a-effd-45f7-a56f-df430a156581',
  keyword: 'key_33b8fcb5-b235-4d7e-82c7-b7ea9ef4c693',
  answer: '🙌 Sistema de reportes de Errores de Tcontur 🙌\n🧐* Verificando numero...*',
  options: {
    media: null,
    buttons: [],
    capture: false,
    child: null,
    delay: 2500,
    nested: [],
    keyword: {},
    callback: true
  },
  refSerialize: '70d7264b6d67f17bbde870449039f87f'
}
[QUEUE_SE_ENVIO]:  {
  ref: 'ans_36e13de0-4810-462a-8669-b49628da86f0',
  keyword: 'ans_5308e36a-effd-45f7-a56f-df430a156581',
  answer: 'Seleccione una opcion escribiendo el numero\n' +
    '*[1] Reportar un error*\n' +
    '*[2] Ver estado de un reporte*',
  options: {
    media: null,
    buttons: [],
    capture: false,
    child: null,
    delay: 2500,
    nested: [],
    keyword: {},
    callback: true
  },
  refSerialize: 'a70ae5f62197f7b6bba4de5aaaa0a33e'
}
Error al encolar: Cannot read properties of undefined (reading 'answer')
